{"/Users/luiz.junior/Documents/Workspace/Awari/Aula8.2/JEST/tests/index.js": {"path":"/Users/luiz.junior/Documents/Workspace/Awari/Aula8.2/JEST/tests/index.js","all":false,"statementMap":{"0":{"start":{"line":1,"column":0},"end":{"line":1,"column":39}},"1":{"start":{"line":2,"column":0},"end":{"line":2,"column":0}},"2":{"start":{"line":3,"column":0},"end":{"line":3,"column":0}},"3":{"start":{"line":4,"column":0},"end":{"line":4,"column":10}},"4":{"start":{"line":5,"column":0},"end":{"line":5,"column":42}},"5":{"start":{"line":6,"column":0},"end":{"line":6,"column":34}},"6":{"start":{"line":7,"column":0},"end":{"line":7,"column":28}},"7":{"start":{"line":8,"column":0},"end":{"line":8,"column":2}},"8":{"start":{"line":9,"column":0},"end":{"line":9,"column":1}},"9":{"start":{"line":10,"column":0},"end":{"line":10,"column":24}},"10":{"start":{"line":11,"column":0},"end":{"line":11,"column":48}},"11":{"start":{"line":12,"column":0},"end":{"line":12,"column":21}},"12":{"start":{"line":13,"column":0},"end":{"line":13,"column":5}},"13":{"start":{"line":14,"column":0},"end":{"line":14,"column":0}},"14":{"start":{"line":15,"column":0},"end":{"line":15,"column":40}},"15":{"start":{"line":16,"column":0},"end":{"line":16,"column":4}},"16":{"start":{"line":17,"column":0},"end":{"line":17,"column":41}}},"s":{"0":1,"1":1,"2":1,"3":1,"4":1,"5":1,"6":1,"7":1,"8":1,"9":1,"10":1,"11":1,"12":1,"13":1,"14":1,"15":1,"16":1},"branchMap":{"0":{"type":"branch","line":5,"loc":{"start":{"line":5,"column":0},"end":{"line":8,"column":2}},"locations":[{"start":{"line":5,"column":0},"end":{"line":8,"column":2}}]},"1":{"type":"branch","line":6,"loc":{"start":{"line":6,"column":25},"end":{"line":6,"column":32}},"locations":[{"start":{"line":6,"column":25},"end":{"line":6,"column":32}}]},"2":{"type":"branch","line":10,"loc":{"start":{"line":10,"column":13},"end":{"line":13,"column":5}},"locations":[{"start":{"line":10,"column":13},"end":{"line":13,"column":5}}]},"3":{"type":"branch","line":11,"loc":{"start":{"line":11,"column":5},"end":{"line":12,"column":17}},"locations":[{"start":{"line":11,"column":5},"end":{"line":12,"column":17}}]},"4":{"type":"branch","line":15,"loc":{"start":{"line":15,"column":18},"end":{"line":15,"column":40}},"locations":[{"start":{"line":15,"column":18},"end":{"line":15,"column":40}}]}},"b":{"0":[1],"1":[0],"2":[1],"3":[0],"4":[2]},"fnMap":{"0":{"name":"aplicarDesconto","decl":{"start":{"line":5,"column":0},"end":{"line":8,"column":2}},"loc":{"start":{"line":5,"column":0},"end":{"line":8,"column":2}},"line":5},"1":{"name":"sum","decl":{"start":{"line":10,"column":13},"end":{"line":13,"column":5}},"loc":{"start":{"line":10,"column":13},"end":{"line":13,"column":5}},"line":10},"2":{"name":"isNumber","decl":{"start":{"line":15,"column":18},"end":{"line":15,"column":40}},"loc":{"start":{"line":15,"column":18},"end":{"line":15,"column":40}},"line":15}},"f":{"0":1,"1":1,"2":2}}
}
