{"/Users/mac_luiz/Documents/Workspace/awari/Aula8.2/JEST/unit-tests/calculadora.js": {"path":"/Users/mac_luiz/Documents/Workspace/awari/Aula8.2/JEST/unit-tests/calculadora.js","all":false,"statementMap":{"0":{"start":{"line":1,"column":0},"end":{"line":1,"column":23}},"1":{"start":{"line":2,"column":0},"end":{"line":2,"column":47}},"2":{"start":{"line":3,"column":0},"end":{"line":3,"column":20}},"3":{"start":{"line":4,"column":0},"end":{"line":4,"column":4}},"4":{"start":{"line":5,"column":0},"end":{"line":5,"column":0}},"5":{"start":{"line":6,"column":0},"end":{"line":6,"column":23}},"6":{"start":{"line":7,"column":0},"end":{"line":7,"column":47}},"7":{"start":{"line":8,"column":0},"end":{"line":8,"column":20}},"8":{"start":{"line":9,"column":0},"end":{"line":9,"column":1}},"9":{"start":{"line":10,"column":0},"end":{"line":10,"column":0}},"10":{"start":{"line":11,"column":0},"end":{"line":11,"column":40}},"11":{"start":{"line":12,"column":0},"end":{"line":12,"column":0}},"12":{"start":{"line":13,"column":0},"end":{"line":13,"column":29}}},"s":{"0":1,"1":3,"2":1,"3":3,"4":1,"5":1,"6":2,"7":1,"8":2,"9":1,"10":1,"11":1,"12":1},"branchMap":{"0":{"type":"branch","line":1,"loc":{"start":{"line":1,"column":12},"end":{"line":4,"column":4}},"locations":[{"start":{"line":1,"column":12},"end":{"line":4,"column":4}}]},"1":{"type":"branch","line":2,"loc":{"start":{"line":2,"column":18},"end":{"line":2,"column":33}},"locations":[{"start":{"line":2,"column":18},"end":{"line":2,"column":33}}]},"2":{"type":"branch","line":2,"loc":{"start":{"line":2,"column":35},"end":{"line":2,"column":47}},"locations":[{"start":{"line":2,"column":35},"end":{"line":2,"column":47}}]},"3":{"type":"branch","line":3,"loc":{"start":{"line":3,"column":-1},"end":{"line":3,"column":20}},"locations":[{"start":{"line":3,"column":-1},"end":{"line":3,"column":20}}]},"4":{"type":"branch","line":6,"loc":{"start":{"line":6,"column":12},"end":{"line":9,"column":1}},"locations":[{"start":{"line":6,"column":12},"end":{"line":9,"column":1}}]},"5":{"type":"branch","line":7,"loc":{"start":{"line":7,"column":18},"end":{"line":7,"column":33}},"locations":[{"start":{"line":7,"column":18},"end":{"line":7,"column":33}}]},"6":{"type":"branch","line":7,"loc":{"start":{"line":7,"column":35},"end":{"line":8,"column":20}},"locations":[{"start":{"line":7,"column":35},"end":{"line":8,"column":20}}]},"7":{"type":"branch","line":11,"loc":{"start":{"line":11,"column":18},"end":{"line":11,"column":39}},"locations":[{"start":{"line":11,"column":18},"end":{"line":11,"column":39}}]}},"b":{"0":[3],"1":[2],"2":[2],"3":[1],"4":[2],"5":[1],"6":[1],"7":[8]},"fnMap":{"0":{"name":"sum","decl":{"start":{"line":1,"column":12},"end":{"line":4,"column":4}},"loc":{"start":{"line":1,"column":12},"end":{"line":4,"column":4}},"line":1},"1":{"name":"sub","decl":{"start":{"line":6,"column":12},"end":{"line":9,"column":1}},"loc":{"start":{"line":6,"column":12},"end":{"line":9,"column":1}},"line":6},"2":{"name":"isNumber","decl":{"start":{"line":11,"column":18},"end":{"line":11,"column":39}},"loc":{"start":{"line":11,"column":18},"end":{"line":11,"column":39}},"line":11}},"f":{"0":3,"1":2,"2":8}}
}
